[    0.000000] Linux version 4.15.0-88-generic (buildd@lgw01-amd64-036) (gcc version 7.4.0 (Ubuntu 7.4.0-1ubuntu1~18.04.1)) #88-Ubuntu SMP Tue Feb 11 20:11:34 UTC 2020 (Ubuntu 4.15.0-88.88-generic 4.15.18)
[    0.000000] Command line: BOOT_IMAGE=/boot/vmlinuz-4.15.0-88-generic root=UUID=fc432cd9-3eff-4f0f-956a-9c088d130e57 ro console=tty1 console=ttyS0
[    0.000000] KERNEL supported cpus:
[    0.000000]   Intel GenuineInte
[    0.00000]   AMD AuthenticAMD
[    0.000000]   Centaur CentaurHauls
[    0.000000] x86/fpu: Supporting XSAVE feature 0x001: 'x87 floating point registers'[    0.000000] x8fpu: Supporting XSAVE feature 0002: 'SSE registers'
[    0.000000] x86/fpu: Supportin XSAVE feature 0x004: 'AVX registers'
[    0.00000] x86/fpu: xstate_offset[2]:  576, xstate_sizes[2]:  256
[    0.000000] x86/fpu: Enabled xstate features 0x7, context size is 832 bytes, using 'standard' format.
[    0.000000] e820: BIOS-provided physical RAM map:
[    0.000000] BIOS-e820: [mem 0x0000000000000000-0x000000000009fbff] usable
[    0.000000] BIOS-e820: [mem 0x000000000009fc00-0x000000000009ffff] reserved
[    0.000000] BIOS-e820: [mem 0x0000000000f0000-0x00000000000fffff] reserved
[    0.000000] BIOS-e20: [mem 0x0000000000100000-0x000000003ffeffff] usable
[    0.000000] BIOS-e820: [mem 0x000000003fff0000-0x000000003fffffff] ACPI data
[    0.000000] BIOS-e820: [mem 0x00000000fec00000-0x00000000fec00fff] reserved
[    0.000000] BIOS-e820: [mem 0x00000000fee00000-0x00000000fee00fff] reserved
[    0.000000] BIOS-e820: em 0x00000000fffc0000-0x00000000ffffffff] reserved
[   0.00000] NX (Execute Disabl protection: active
[   .000000] SMBIOS 2.5 present.
[    0.000000] DMI: innotek GmbH VirtualBox/VirtualBox, BIOS VirtualBox 12/01/2006
[    0.0000] Hypervisor detected: KVM
[    0.000000] e820: last_pfn = 0x3fff0 max_arch_pfn = 0x400000000
[    0.000000] MTRR: Disabled
[    0.000000] x86/PAT: MTRRs disabled, skippin PAT initialization to.
[    0.00000 CPU MTRRs all blank - virtualized system.[    0.0000] x86/PAT: Configuration [0-7]: W WT  UC- UC  WB  WT  UC- UC  
[   .000000] found SMP MP-table at [mem 0x0009fff0-0x0009ff]
[    0.000000] Scanning 1 areas for low memory corruption
[    0.000000] RAMDISK: [mem 0x35965000-0x36ca9fff]
[    0.000000] ACPI: Early table checksum verification disled
[    0.000000] ACPI: RSDP 0x00000000000E0000 000024 (v02 VBOX  )
[    0.000000] ACPI: XSDT 0x000000003FFF0030 00003C (v01 VBOX   VBOXXSDT 00000001 ASL  00000061)
[    0.000000] ACPI: FACP 0x000000003FFF00F0 0000F4 (v04 VBOX   VBOXFACP 00000001 ASL  00000061)
[  0.00000 ACPI: DSDT 0x000000003FFF0470 0021FF (v002 VBO   VBOXBIOS 00000002 INTL 20100528)
[    0.000000] ACPI: FACS 0x000000003FFF0200 000040
[    0.000000] ACPI: FACS 0x000000003FFF0200 000040
[    0.000000] ACPI: APIC 0x000000003FFF0240 00005C (v02 VBOX   VBOXAPIC 00000001 AS 00000061)
[    0.000000] ACPI: SSDT 0x000000003FFF02A0 0001CC (v01 VBOX   VBOXCPUT 00000002 INTL 20100528)
[    0.000000] No NUMA configuration fod
[   0.00000] Fking a nodeat [mem 0x0000000000000000-0x000000003ffeffff]
[    0.000000] NODE_DATA(0 allocated [mem 0x3ffc5000-0x3ffeffff]
[    0.000000] kvm-clock: cpu 0, msr 0:3ff44001, pimary cpu clock
[    0.000000] kvm-cock: Using mrs 4b564d01 and 4b564d00
[    0.000000] kvm-clock: using sched offsetf 7900545265 cycles
[    0.000000] clocksource: kvm-clock: mask: 0xffffffffffffffff max_cycles: 0x1cd42e4dff, max_idle_ns: 881590591483 ns
[    0.000000] Zone ranges:
[   0.0000]   DMA      em 0x0000000000001000-0x000000000ffff
[    0.0000]   DMA32    [m 0x0000000001000000-0x000000003ffeffff
[    0.000000]   Normal   empty
[    0.000000]   Device   empty
[    0.000000] Movable zone start for each node
[    0.000000] Early memory no ranges
[    0.000000]   node   0: [mem 0x0000000000001000-0x000000000009efff]
[    0.000000]   node  0: [mem 0x0000000000100000-0x000000003ffeffff]
[    0.00000] Reservebut unavailable: 98 pages
[    0.000000] Iitmem setup node 0 [me 0x00000000001000-0x000000003ffeffff]
[    0.000000] ACPI: PM-Timer IO Port: 0x4008
[    0.000000] IOAPIC[0]: apic_id 2, version 32, address 0xfec00000, GSI 0-23
[    0.0000] ACPI: INT_SRC_OVR (bus 0 bus_irq 0 global_irq 2fl dfl)
[    0.000000] ACPI: NT_SRC_OVR (bus 0 bus_irq 9 global_irq 9 low leve)
[   0.00000] Usg ACPI (MADT) for SMP configuration information
[    0.000000] smpboot: Allowing 2 CPUs, hotplug CPUs
[    0.000000] PM: Registered nosave memory: [mem 0x00000000-0x00000fff][    000000] PM: Registered nosave memory: [mem 0x0009f000-0x0009fff
[  0000000]PMRegistered nosave memory: [mem 000a0000-0x000effff]
[    0.000000] PM: Registered nosave memory: [mem 0x000f0000-0x000fffff]
[    0.000000] e820: [mem 0x40000000-0xfebfffff] available for PCI device
[    0.000] Booting paravvirtualized kernel on KVM
[    0.000000] clocksource: refined-jiffies: mask: xffffffff max_cycles: 0xffffffff, max_idle_ns: 7645519600211568 ns
[    0.000000] random: get_random_bytes called from start_kernel+0x99/0x4fd with crng_init=0
[    0.000000] setup_percpu: NR_CPUS:8192 nr_cpumask_bits:2 nr_cpu_ids:2 nr_node_ids:1
[    0.000000] percpu: Embedde 4 pages/cpu s14745r8192 d28672 u1048576
[    0.000000] PV qspinlock hash table entries: 256 (order: 0, 4096 bytes)
[    0.000000] Built 1 zonelists, mobility grouping on.  Total pages: 257913
[    0.000000] Policy zone: DMA32
[    0.000000] Kernel command line: BOOT_IMAGE=/boot/vmlinuz-4.15.0-88-genneric root=UUID=fc432cd9-3eff-4f0f-956a-9c088d130e57 ro console=tty1 console=ttyS0
[    0.000000] Memory: 982540K/1048120K available (12300K kern code, 2481K rwdata, 4264K rodata, 2428K init, 2712K bss, 65580K eserved, 0K cma-reserved)
[    0.000000] SLUB: HWalign=64, Order=0-3, MinObjects=0, CPUs=2, Nodes=1
[    0.000000] Kernel/User page tables isolation: enabled
[   0.000] ftrace: allocating 344 entries in 154 pages
[    0.004000] Hierarchical RCU implementation.
[    0.004000] 	U restricting CPUs from NRCPUS19 to nr_cpu_ids=2.
[    0.00400 	Tasks RCU enabled.
[    0.0000 RCUAdjustng gometry for rcu_fanout_leaf=16, nr_cpu_ids=2
[    0.004000] NR_IRQS: 524544, nr_irqs: 440, preallocated irqs: 16
[    0.004000] Console: colour VGA+ 80x2
[  00040] console [tty1] enabled
[   0.004000] conso [tyS0] eabed
  0.004000 API: Correision 21731
[    0.004000] ACPI: 2 ACPI AML tables successfully acquired and loaded
[    0.004000] APIC: Switch to symmetric I/O mode setup
[    0.004000] x2apic enabled
[    0.004000] Switched APIC routing to physical x2apic.
[    0.004000] ..TIMER: vector=0x30 apic1=0 pin1=2 apic2=-1 pin2=-1
[    0.004004] tsc: Detectd 2304.000 MHz processor
[    0.008014] Calibrating delay loop (skipped) preset value.. 4608.00 BogoMIPS (lpj=9216000)
[    0.012008] pid_max: default: 32768 minimum: 301
[    0.016060] Security Framework initialized
[    0.017675] Yama: becoming mindful.
[    0.020072] AppArmor: AppArmor initialized
[    0.023361] Dentry cache hash table entries: 131072 (order: 8, 1048576 bytes)
[    0.024065] Inode-cache hash table entries: 65536 (order: 7, 524288 bytes)
[    0.028034] Mount-cache hash table entries: 2048 (order: 2, 16384 bytes)
[    0.032015] Mountpoint-cache hash table entries: 2048 (order: 2, 16384 bytes)
[    0.040154] Last level iTLB entries: 4KB 64, 2MB 8, 4MB 8
[    0.044006] Last level dTLB entries: 4KB 64, 2MB 0, 4MB 0, 1GB 4
[    0.048006] Spectre V1 : Mitigation: usercopy/swapgs barriers and __user pointer sanitization
[    0.052005] Spectre V2 : Mitigation: Full generic retpoline
[    0.053309] Spectre V2 : Spectre v2 / SpectreRSB mitigation: Filling RSB on context switch
[    0.056002] Speculative Store Bypass: Vulnerable
[    0.060043] MDS: Vulnerable: Clear CPU buffers attempted, no microcode
[    0.061312] Freeing SMP alternatives memory: 36K
[    0.172772] smpboot: CPU0: Intel(R) Core(TM) i5-7360U CPU @ 2.30GHz (family: 0x6, model: 0x8e, stepping: 0x9)
[    0.176090] Performance Events: unsupported p6 CPU model 142 no PMU driver, software events only.
[    0.180061] Hierarchical SRCU implementation.
[    0.184549] NMI watchdog: Perf event create on CPU 0 failed with -2
[    0.188007] NMI watchdog: Perf NMI watchdog permanently disabled
[    0.192075] smp: Bringing up secondary CPUs ...
[    0.196106] x86: Booting SMP configuration:
[    0.200005] .... node  #0, CPUs:      #1
[    0.004000] kvm-clock: cpu 1, msr 0:3ff44041, secondary cpu clock
[    0.210651] smp: Brought up 1 node, 2 CPUs
[    0.212007] smpboot: Max logical packages: 1
[    0.216004] smpboot: Total of 2 processors activated (9216.00 BogoMIPS)
[    0.220151] devtmpfs: initialized
[    0.224060] x86/mm: Memory block size: 128MB
[    0.228123] evm: security.selinux
[    0.228994] evm: security.SMACK64
[    0.232006] evm: security.SMACK64EXEC
[    0.236005] evm: security.SMACK64TRANSMUTE
[    0.240006] evm: security.SMACK64MMAP
[    0.240906] evm: security.apparmor
[    0.244004] evm: security.ima
[    0.248004] evm: security.capability
[    0.252109] clocksource: jiffies: mask: 0xffffffff max_cycles: 0xffffffff, max_idle_ns: 7645041785100000 ns
[    0.256018] futex hash table entries: 512 (order: 3, 32768 bytes)
[    0.261313] pinctrl core: initialized pinctrl subsystem
[    0.264140] RTC time: 23:26:19, date: 03/14/20
[    0.268209] NET: Registered protocol family 16
[    0.272092] audit: initializing netlink subsys (disabled)
[    0.273313] audit: type=2000 audit(1584228383.856:1): state=initialized audit_enabled=0 res=1
[    0.276007] cpuidle: using governor ladder
[    0.276924] cpuidle: using governor menu
[    0.277772] ACPI: bus type PCI registered
[    0.278650] acpiphp: ACPI Hot Plug PCI Controller Driver version: 0.5
[    0.280120] PCI: Using configuration type 1 for base access
[    0.288058] HugeTLB registered 2.00 MiB page size, pre-allocated 0 pages
[    0.289730] ACPI: Added _OSI(Module Device)
[    0.289730] ACPI: Added _OSI(Processor Device)
[    0.292004] ACPI: Added _OSI(3.0 _SCP Extensions)
[    0.293059] ACPI: Added _OSI(Processor Aggregator Device)
[    0.294113] ACPI: Added _OSI(Linux-Dell-Video)
[    0.296010] ACPI: Added _OSI(Linux-Lenovo-NV-HDMI-Audio)
[    0.300007] ACPI: Added _OSI(Linux-HPI-Hybrid-Graphics)
[    0.304632] ACPI: Executed 1 blocks of module-level executable AML code
[    0.313525] ACPI: Interpreter enabled
[    0.314971] ACPI: (supports S0 S5)
[    0.316006] ACPI: Using IOAPIC for interrupt routing
[    0.318330] PCI: Using host bridge windows from ACPI; if necessary, use "pci=nocrs" and report a bug
[    0.324381] ACPI: Enabled 2 GPEs in block 00 to 07
[    0.337500] ACPI: PCI Root Bridge [PCI0] (domain 0000 [bus 00-ff])
[    0.339485] acpi PNP0A03:00: _OSC: OS supports [ASPM ClockPM Segments MSI]
[    0.340055] acpi PNP0A03:00: _OSC: not requesting OS control; OS requires [ExtendedConfig ASPM ClockPM MSI]
[    0.344025] acpi PNP0A03:00: fail to add MMCONFIG information, can't access extended PCI configuration space under this bridge.
[    0.347062] PCI host bridge to bus 0000:00
[    0.348007] pci_bus 0000:00: root bus resource [io  0x0000-0x0cf7 window]
[    0.349534] pci_bus 0000:00: root bus resource [io  0x0d00-0xffff window]
[    0.350860] pci_bus 0000:00: root bus resource [mem 0x000a0000-0x000bffff window]
[    0.352004] pci_bus 0000:00: root bus resource [mem 0x40000000-0xfdffffff window]
[    0.356009] pci_bus 0000:00: root bus resource [bus 00-ff]
[    0.362392] pci 0000:00:01.1: legacy IDE quirk: reg 0x10: [io  0x01f0-0x01f7]
[    0.364008] pci 0000:00:01.1: legacy IDE quirk: reg 0x14: [io  0x03f6]
[    0.368004] pci 0000:00:01.1: legacy IDE quirk: reg 0x18: [io  0x0170-0x0177]
[    0.372009] pci 0000:00:01.1: legacy IDE quirk: reg 0x1c: [io  0x0376]
[    0.392313] pci 0000:00:07.0: quirk: [io  0x4000-0x403f] claimed by PIIX4 ACPI
[    0.396019] pci 0000:00:07.0: quirk: [io  0x4100-0x410f] claimed by PIIX4 SMB
[    0.413753] ACPI: PCI Interrupt Link [LNKA] (IRQs 5 9 10 *11)
[    0.416306] ACPI: PCI Interrupt Link [LNKB] (IRQs 5 9 *10 11)
[    0.420165] ACPI: PCI Interrupt Link [LNKC] (IRQs 5 *9 10 11)
[    0.424161] ACPI: PCI Interrupt Link [LNKD] (IRQs 5 9 10 *11)
[    0.428412] SCSI subsystem initialized
[    0.432070] pci 0000:00:02.0: vgaarb: setting as boot VGA device
[    0.436000] pci 0000:00:02.0: vgaarb: VGA device added: decodes=io+mem,owns=io+mem,locks=none
[    0.436011] pci 0000:00:02.0: vgaarb: bridge control possible
[    0.440006] vgaarb: loaded
[    0.444059] ACPI: bus type USB registered
[    0.448046] usbcore: registered new interface driver usbfs
[    0.452030] usbcore: registered new interface driver hub
[    0.456041] usbcore: registered new device driver usb
[    0.457648] EDAC MC: Ver: 3.0.0
[    0.457648] PCI: Using ACPI for IRQ routing
[    0.460495] NetLabel: Initializing
[    0.461552] NetLabel:  domain hash size = 128
[    0.462601] NetLabel:  protocols = UNLABELED CIPSOv4 CALIPSO
[    0.464025] NetLabel:  unlabeled traffic allowed by default
[    0.465430] clocksource: Switched to clocksource kvm-clock
[   .5735] VF Disk quotas dquot_6.6.0
[    0.654273] VFS: Dquot-cache hash table entries: 512 (order 0, 4096 bytes)
[    0.655973] AppArmor: AppArmor Filesystem Enable
    0.678339] pnp: PnP ACPI init
[    0.701558] pnp: PnP ACPI: found 3 devices

[    0.713882] clocksource: acpi_pm: mask: 0xffffff max_cycles: 0xffffff, max_idle_ns: 2085701024 ns
[    0.716178] NET: Registered protocol family 2
[    0.717590] TCP established hash table entries: 8192 (order: 4, 65536 bytes)
[    0.719388] TCP bind hash table entres: 8192 (order: 5, 131072 ytes)
[   0.778554] TCP: Hash tables configured (estlied19bi 82)
[    1.06779] UDP hastable entries: 512 (order: 2, 16384 bytes)
[   1.135313] UDP-Lite hash table entries: 512 (order 2, 16384 bytes)
[    1.197810] NET: Registered protocol family 1
[    1.198914] pci 0000:00:00.0: Limitngirt I/I transfers
[    1.393006] pci 0000:00:01.0: Activating ISA DMA hang workarounds
[    1.394598] pci 0000:00:02.0: Video device with shadowed ROM at [mem 0x000c0000-0x000dffff]
[    1.396967] Unpacking initramfs...

[    1.713714] Freeing initrd memory: 19732K
[    1.720286] clocksource: tsc: mask: 0xffffffffffffffff max_cycles: 0x2135f7c97c8, max_idle_ns: 440795273205 ns
[    1.723028] platform rtc_cmos: registered platform RTC device (no PNP device found)
[    1.725421] Scanning for low memory corruption every 60 seconds
[    1.727474] Initialise system trusted keyrings
[    1.757284] Key type blacklist registered
[    1.758555] workingset: timestamp_bits=36 max_order=18 bucket_order=0
[    1.806135] zbud: loaded
[    1.825326] squashfs: version 4.0 (2009/01/31) Phillip Lougher
[    1.827197] fuse init (API version 7.26)
[    1.834239] Key type asymmetric registered
[    1.835409] Asymmetric key parser 'x509' registered
[    1.844250] Block layer SCSI generic (bsg) driver version 0.4 loaded (major 246)
[    1.856340] io scheduler noop registered
[    1.857510] io scheduler deadline registered
[    1.880505] io scheduler cfq registered (default)
[    1.888535] ACPI: AC Adapter [AC] (off-line)
[    1.890387] input: Power Button as /devices/LNXSYSTM:00/LNXPWRBN:00/input/input0
[    1.895965] ACPI: Power Button [PWRF]
[    1.903002] input: Sleep Button as /devices/LNXSYSTM:00/LNXSLPBN:00/input/input1
[    1.908780] ACPI: Sleep Button [SLPF]
[    1.915818] ACPI: Battery Slot [BAT0] (battery present)
[    1.918046] Serial: 8250/16550 driver, 32 ports, IRQ sharing enabled
[    1.949657] 00:02: ttyS0 at I/O 0x3f8 (irq = 4, base_baud = 115200) is a 16550A
[    2.010726] Linux agpgart interface v0.103
[    2.049083] loop: module loaded
[    2.078783] scsi host0: ata_piix
[    2.102301] scsi host1: ata_piix
[    2.134799] ata1: PATA max UDMA/33 cmd 0x1f0 ctl 0x3f6 bmdma 0xd000 irq 14
[    2.142105] ata2: PATA max UDMA/33 cmd 0x170 ctl 0x376 bmdma 0xd008 irq 15
[    2.150876] libphy: Fixed MDIO Bus: probed
[    2.152300] tun: Universal TUN/TAP device driver, 1.6
[    2.159366] PPP generic driver version 2.4.2
[    2.166623] ehci_hcd: USB 2.0 'Enhanced' Host Controller (EHCI) Driver
[    2.168574] ehci-pci: EHCI PCI platform driver
[    2.170310] ehci-platform: EHCI generic platform driver
[    2.171866] ohci_hcd: USB 1.1 'Open' Host Controller (OHCI) Driver
[    2.173308] ohci-pci: OHCI PCI platform driver
[    2.174223] ohci-platform: OHCI generic platform driver
[    2.175471] uhci_hcd: USB Universal Host Controller Interface driver
[    2.243274] i8042: PNP: PS/2 Controller [PNP0303:PS2K,PNP0f03:PS2M] at 0x60,0x64 irq 1,12
[    2.337053] serio: i8042 KBD port at 0x60,0x64 irq 1
[    2.3783]er: i8042 AUX port a0x,04 ir 12

[    2.676315] mousedev: PS/2 mouse device common for all mice
[    2.741427] rtc_cmos rtc_cmos: rtc core: registered rtc_cmos as rtc0
[    2.780216] rtc_cmos rtc_cmos: alarms up to one day, 114 bytes nvram
[    2.850677] i2c /dev entries driver
[    2.899231] input: AT Translated Set 2 keyboard as /devices/platform/i8042/serio0/input/input2
[    2.899311] device-mapper: uevent: version 1.0.3
[    2.908191] device-mapper: ioctl: 4.37.0-ioctl (2017-09-20) initialised: dm-devel@redhat.com
[    2.947471] ledtrig-cpu: registered to indicate activity on CPUs
[    2.949867] NET: Registered protocol family 10
[    2.955691] Segment Routing with IPv6
[    2.965393] NET: Registered protocol family 17
[    2.966596] Key type dns_resolver registered
[    2.967929] mce: Using 0 MCE banks
[    2.968886] RAS: Correctable Errors collector initialized.
[    2.970373] sched_clock: Marking stable (2968864833, 0)->(9406193863, -6437329030)
[    2.981846] registered taskstats version 1
[    2.983456] Loading compiled-in X.509 certificates
[    2.989138] Loaded X.509 cert 'Build time autogenerated kernel key: f0020782f0d3a548186fb3f47aed88387a71e859'
[    2.995179] zswap: loaded using pool lzo/zbud
[    3.006747] Key type big_key registered
[    3.008279] Key type trusted registered
[    3.015467] Key type encrypted registered
[    3.017432] AppArmor: AppArmor sha1 policy hashing enabled
[    3.020723] ima: No TPM chip found, activating TPM-bypass! (rc=-19)
[    3.028319] ima: Allocated hash algorithm: sha1
[    3.030065] evm: HMAC attrs: 0x1
[    3.034260]   Magic number: 12:847:453
[    3.043134] rtc_cmos rtc_cmos: setting system clock to 2020-03-14 23:26:23 UTC (1584228383)
[    3.052545] BIOS EDD facility v0.16 2004-Jun-25, 0 devices found
[    3.053883] EDD information not available.
[    3.103539] Freeing unused kernel image memory: 2428K
[    3.212306] Write protecting the kernel read-only data: 20480k
[    3.240247] Freeing unused kernel image memory: 2008K
[    3.305703] Freeing unused kernel image memory: 1880K
[    3.328309] x86/mm: Checked W+X mappings: passed, no W+X pages found.
[    3.331338] x86/mm: Checking user space page tables
[    3.339981] x86/mm: Checked W+X mappings: passed, no W+X pages found.
Loading, please wait...
starting version 237
[    3.401623] Fusion MPT base driver 3.04.20
[    3.402706] Copyright (c) 1999-2008 LSI Corporation
[    3.409219] e1000: Intel(R) PRO/1000 Network Driver - version 7.3.21-k8-NAPI
[    3.410989] e1000: Copyright (c) 1999-2006 Intel Corporation.
[    3.422167] Fusion MPT SPI Host driver 3.04.20
[    3.437655] AVX2 version of gcm_enc/dec engaged.
[    3.438967] AES CTR mode by8 optimization enabled
[    3.648088] input: ImExPS/2 Generic Explorer Mouse as /devices/platform/i8042/serio1/input/input4
[    3.811594] e1000 0000:00:03.0 eth0: (PCI:33MHz:32-bit) 02:b1:13:47:2b:13
[    4.190545] e1000 0000:00:03.0 eth0: Intel(R) PRO/1000 Network Connection
[    4.193096] mptbase: ioc0: Initiating bringup
[    4.288849] ioc0: LSI53C1030 A0: Capabilities={Initiator}
[    4.551456] scsi host2: ioc0: LSI53C1030 A0, FwRev=00000000h, Ports=1, MaxQ=256, IRQ=20
[    4.721796] scsi 2:0:0:0: Direct-Access     VBOX     HARDDISK         1.0  PQ: 0 ANSI: 5
[    5.320057] scsi target2:0:0: Beginning Domain Validation
[    5.444215] scsi target2:0:0: Domain Validation skipping write tests
[    5.445407] scsi target2:0:0: Ending Domain Validation
[    5.446411] scsi target2:0:0: asynchronous
[    5.447510] scsi 2:0:1:0: Direct-Access     VBOX     HARDDISK         1.0  PQ: 0 ANSI: 5
[    5.749087] scsi target2:0:1: Beginning Domain Validation
[    5.771085] random: fast init done
[    5.772586] scsi target2:0:1: Domain Validation skipping write tests
[    5.773897] scsi target2:0:1: Ending Domain Validation
[    5.774974] scsi target2:0:1: asynchronous
[    5.779815] random: systemd-udevd: uninitialized urandom read (16 bytes read)
[    5.781708] e1000 0000:00:08.0 eth1: (PCI:33MHz:32-bit) 08:00:27:c6:bb:13
[    5.793022] random: systemd-udevd: uninitialized urandom read (16 bytes read)
[    5.794027] e1000 0000:00:08.0 eth1: Intel(R) PRO/1000 Network Connection
[    5.795455] random: systemd-udevd: uninitialized urandom read (16 bytes read)
[    5.805668] sd 2:0:0:0: Attached scsi generic sg0 type 0
[    5.840616] sd 2:0:0:0: [sda] 20971520 512-byte logical blocks: (10.7 GB/10.0 GiB)
[    5.841524] e1000 0000:00:03.0 enp0s3: renamed from eth0
[    5.850104] sd 2:0:1:0: Attached scsi generic sg1 type 0
[    5.852450] sd 2:0:0:0: [sda] Write Protect is off
[    5.853872] sd 2:0:0:0: [sda] Incomplete mode parameter data
[    5.855126] sd 2:0:0:0: [sda] Assuming drive cache: write through
[    5.856821] sd 2:0:1:0: [sdb] 20480 512-byte logical blocks: (10.5 MB/10.0 MiB)
[    5.858428] sd 2:0:1:0: [sdb] Write Protect is off
[    5.859792] sd 2:0:1:0: [sdb] Incomplete mode parameter data
[    5.861104] sd 2:0:1:0: [sdb] Assuming drive cache: write through
[    5.868807]  sda: sda1
[    5.870621] sd 2:0:0:0: [sda] Attached SCSI disk
[    5.872652] sd 2:0:1:0: [sdb] Attached SCSI disk
[    5.881714] e1000 0000:00:08.0 enp0s8: renamed from eth1
Begin: Loading essential drivers ... [    7.296309] raid6: sse2x1   gen() 12361 MB/s
[    7.396094] raid6: sse2x1   xor()  6528 MB/s
[    7.464374] raid6: sse2x2   gen() 12225 MB/s
[    7.520297] raid6: sse2x2   xor() 10346 MB/s
[    7.600249] raid6: sse2x4   gen() 17547 MB/s
[    7.688222] raid6: sse2x4   xor() 10816 MB/s
[    7.756217] raid6: avx2x1   gen() 24375 MB/s
[    7.852275] raid6: avx2x1   xor() 17115 MB/s
[    7.936400] raid6: avx2x2   gen() 28670 MB/s
[    8.016266] raid6: avx2x2   xor() 19095 MB/s
[    8.100262] raid6: avx2x4   gen() 34684 MB/s
[    8.196202] raid6: avx2x4   xor() 21452 MB/s
[    8.251764] raid6: using algorithm avx2x4 gen() 34684 MB/s
[    8.315193] raid6: .... xor() 21452 MB/s, rmw enabled
[    8.355309] raid6: using avx2x2 recovery algorithm
[    8.395722] xor: automatically using best checksumming function   avx       
[    8.446334] async_tx: api initialized (async)
done.
Begin: Running /scripts/init-premount ... done.
Begin: Mounting root file system ... Begin: Running /scripts/local-top ... done.
Begin: Running /scripts/local-premount ... [    8.506975] Btrfs loaded, crc32c=crc32c-intel
Scanning for Btrfs filesystems
done.
Warning: fsck not present, so skipping root file system
[    8.547110] EXT4-fs (sda1): INFO: recovery required on readonly filesystem
[    8.553150] EXT4-fs (sda1): write access will be enabled during recovery
[    8.670938] EXT4-fs (sda1): recovery complete
[    8.701689] EXT4-fs (sda1): mounted filesystem with ordered data mode. Opts: (null)
done.
Begin: Running /scripts/local-bottom ... done.
Begin: Running /scripts/init-bottom ... done.
[    8.926733] ip_tables: (C) 2000-2006 Netfilter Core Team
[    8.935991] systemd[1]: systemd 237 running in system mode. (+PAM +AUDIT +SELINUX +IMA +APPARMOR +SMACK +SYSVINIT +UTMP +LIBCRYPTSETUP +GCRYPT +GNUTLS +ACL +XZ +LZ4 +SECCOMP +BLKID +ELFUTILS +KMOD -IDN2 +IDN -PCRE2 default-hierarchy=hybrid)
[    8.939839] systemd[1]: Detected virtualization oracle.
[    9.008685] systemd[1]: Detected architecture x86-64.

Welcome to [1mUbuntu 18.04.3 LTS[0m!

[    9.159023] systemd[1]: Set hostname to <ubuntu-bionic>.
[    9.636406] systemd[1]: Reached target User and Group Name Lookups.
[[0;32m  OK  [0m] Reached target User and Group Name Lookups.
[    9.642404] systemd[1]: Set up automount Arbitrary Executable File Formats File System Automount Point.
[[0;32m  OK  [0m] Set up automount Arbitrary Executab…rmats File System Automount Point.
[    9.684760] systemd[1]: Started Forward Password Requests to Wall Directory Watch.
[[0;32m  OK  [0m] Started Forward Password Requests to Wall Directory Watch.
[    9.800498] systemd[1]: Reached target Swap.
[[0;32m  OK  [0m] Reached target Swap.
[    9.921239] systemd[1]: Created slice User and Session Slice.
[[0;32m  OK  [0m] Created slice User and Session Slice.
[   10.093316] systemd[1]: Created slice System Slice.
[[0;32m  OK  [0m] Created slice System Slice.
[[0;32m  OK  [0m] Listening on Device-mapper event daemon FIFOs.
[[0;32m  OK  [0m] Listening on Syslog Socket.
[[0;32m  OK  [0m] Listening on Journal Socket.
         Mounting Huge Pages File System...
         Mounting Kernel Debug File System...
         Starting Remount Root and Kernel[   10.366493] EXT4-fs (sda1): re-mounted. Opts: (null)
 File Systems...
[[0;32m  OK  [0m] Reached target Slices.
[[0;32m  OK  [0m] Listening on udev Kernel Socket.
[[0;32m  OK  [0m] Listening on Journal Audit Socket.
[[0;32m  OK  [0m] Listening on udev Control Socket.
         Starting udev Coldplug all Devices...
         Starting Create list of required st…ce nodes for the current kernel...
         Starting Load Kernel Modules...
         Starting Set the[   10.589967] Loading iSCSI transport class v2.0-870.
 console keyboard layout...
[[0;32m  OK  [0m] Listening on Journal Socket (/dev/log).
[   10.661132] iscsi: registered transport (tcp)
         Starting Journal Service...
[[0;32m  OK  [0m] Listening on Network Service Netlink Socket.
[[0;32m  OK  [0m] Listening on LVM2 poll daemon socket.
[[0;32m  OK  [0m] Listening on /dev/initctl Compatibility Named Pipe.
[[0;32m  OK  [0m] Reached target System Time Synchronized.
[[0;32m  OK  [0m] Created slice system-serial\x2dgetty.slice.
         Starting Uncomplicated firewall...
         Mounting POSIX Message Queue File System...
[[0;32m  OK  [0m] Listening on LVM2 metadata daemon socket.
         Starting Monitoring of [   10.724746] iscsi: registered transport (iser)
LVM2 mirrors…ng dmeventd or progress polling...
[[0;32m  OK  [0m] Started Journal Service.
[[0;32m  OK  [0m] Mounted Huge Pages File System.
[[0;32m  OK  [0m] Mounted Kernel Debug File System.
[[0;32m  OK  [0m] Started Remount Root and Kernel File Systems.
[[0;32m  OK  [0m] Started Create list of required sta…vice nodes for the current kernel.
[[0;32m  OK  [0m] Started Load Kernel Modules.
[[0;32m  OK  [0m] Started Uncomplicated firewall.
[[0;32m  OK  [0m] Mounted POSIX Message Queue File System.
[[0;32m  OK  [0m] Started LVM2 metadata daemon.
         Starting Apply Kernel Variables...
         Mounting Kernel Configuration File System...
         Mounting FUSE Control File System...
         Starting Create Static Device Nodes in /dev...
         Starting Load/Save Random Seed...
[   10.834057] random: crng init done
[   10.844617] random: 7 urandom warning(s) missed due to ratelimiting
         Starting Flush Journal to Persistent Storage...
[[0;32m  OK  [0m] Started Monitoring of LVM2 mirrors,…sing dmeventd or progress polling.
[[0;32m  OK  [0m] Started Set the console keyboard layout.
[[0;32m  OK  [0m] Started udev Coldplug all Devices.
[[0;32m  OK  [0m] Started Apply Kernel Variables.
[[0;32m  OK  [0m] Mounted Kernel Configuration File System.
[[0;32m  OK  [0m] Mounted FUSE Control File System.
[[0;32m  OK  [0m] Started Create Static Device Nodes in /dev.
[[0;32m  OK  [0m] Started Load/Save Random Seed.
         Starting udev Kernel Device Manager...
[[0;32m  OK  [0m] Reached target Local File Systems (Pre).
[[0;32m  OK  [0m] Reached target Local File Systems.
         Starting ebtables ruleset management...
         Starting AppArmor initialization...
         Starting Tell Plymouth To Write Out Runtime Data...
         Starting Set console font and keymap...
[[0;32m  OK  [0m] Started udev Kernel Device Manager.
[[0;32m  OK  [0m] Started Dispatch Password Requests to Console Directory Watch.
[[0;32m  OK  [0m] Reached target Local Encrypted Volumes.
[[0;32m  OK  [0m] Started Tell Plymouth To Write Out Runtime Data.
[[0;32m  OK  [0m] Started Set console font and keymap.
[[0;32m  OK  [0m] Started Flush Journal to Persistent Storage.
         Starting Create Volatile Files and Directories...
[[0;32m  OK  [0m] Started Create Volatile Files and Directories.
         Starting Update UTMP about System Boot/Shutdown...
[[0;32m  OK  [0m] Started ebtables ruleset management.
[[0;32m  OK  [0m] Started Update UTMP about System Boot/Shutdown.
[[0;32m  OK  [0m] Found device /dev/ttyS0.
[[0;32m  OK  [0m] Listening on Load/Save RF Kill Switch Status /dev/rfkill Watch.
[[0;32m  OK  [0m] Started AppArmor initialization.
         Starting Initial cloud-init job (pre-networking)...
[   12.801126] cloud-init[541]: Cloud-init v. 19.3-41-gc4735dd3-0ubuntu1~18.04.1 running 'init-local' at Sat, 14 Mar 2020 23:26:33 +0000. Up 12.59 seconds.
[[0;32m  OK  [0m] Started Initial cloud-init job (pre-networking).
[[0;32m  OK  [0m] Reached target Network (Pre).
         Starting Network Service...
[[0;32m  OK  [0m] Started Network Service.
         Starting Wait for Network to be Configured...
         Starting Network Name Resolution...
[[0;32m  OK  [0m] Started Network Name Resolution.
[[0;32m  OK  [0m] Reached target Network.
[[0;32m  OK  [0m] Reached target Host and Network Name Lookups.
[[0;32m  OK  [0m] Started Wait for Network to be Configured.
         Starting Initial cloud-init job (metadata service crawler)...
[   15.051945] cloud-init[741]: Cloud-init v. 19.3-41-gc4735dd3-0ubuntu1~18.04.1 running 'init' at Sat, 14 Mar 2020 23:26:35 +0000. Up 14.92 seconds.
[   15.061837] cloud-init[741]: ci-info: ++++++++++++++++++++++++++++++++++++++Net device info+++++++++++++++++++++++++++++++++++++++
[   15.081927] cloud-init[741]: ci-info: +--------+------+-----------------------------+---------------+--------+-------------------+
[   15.108391] cloud-init[741]: ci-info: | Device |  Up  |           Address           |      Mask     | Scope  |     Hw-Address    |
[   15.110883] cloud-init[741]: ci-info: +--------+------+-----------------------------+---------------+--------+-------------------+
[   15.143697] cloud-init[741]: ci-info: | enp0s3 | True |          10.0.2.15          | 255.255.255.0 | global | 02:b1:13:47:2b:13 |
[   15.169155] cloud-init[741]: ci-info: | enp0s3 | True |  fe80::b1:13ff:fe47:2b13/64 |       .       |  link  | 02:b1:13:47:2b:13 |
[   15.196605] cloud-init[741]: ci-info: | enp0s8 | True |        192.168.33.10        | 255.255.255.0 | global | 08:00:27:c6:bb:13 |
[   15.204382] cloud-init[741]: ci-info: | enp0s8 | True | fe80::a00:27ff:fec6:bb13/64 |       .       |  link  | 08:00:27:c6:bb:13 |
[   15.222067] cloud-init[741]: ci-info: |   lo   | True |          127.0.0.1          |   255.0.0.0   |  host  |         .         |
[   15.224827] cloud-init[741]: ci-info: |   lo   | True |           ::1/128           |       .       |  host  |         .         |
[   15.227424] cloud-init[741]: ci-info: +--------+------+-----------------------------+---------------+--------+-------------------+
[   15.236240] cloud-init[741]: ci-info: +++++++++++++++++++++++++++++Route IPv4 info+++++++++++++++++++++++++++++
[   15.238549] cloud-init[741]: ci-info: +-------+--------------+----------+-----------------+-----------+-------+
[   15.240955] cloud-init[741]: ci-info: | Route | Destination  | Gateway  |     Genmask     | Interface | Flags |
[   15.247068] cloud-init[741]: ci-info: +-------+--------------+----------+-----------------+-----------+-------+
[   15.249423] cloud-init[741]: ci-info: |   0   |   0.0.0.0    | 10.0.2.2 |     0.0.0.0     |   enp0s3  |   UG  |
[   15.251616] cloud-init[741]: ci-info: |   1   |   10.0.2.0   | 0.0.0.0  |  255.255.255.0  |   enp0s3  |   U   |
[   15.253811] cloud-init[741]: ci-info: |   2   |   10.0.2.2   | 0.0.0.0  | 255.255.255.255 |   enp0s3  |   UH  |
[   15.256135] cloud-init[741]: ci-info: |   3   | 192.168.33.0 | 0.0.0.0  |  255.255.255.0  |   enp0s8  |   U   |
[   15.258428] cloud-init[741]: ci-info: +-------+--------------+----------+-----------------+-----------+-------+
[   15.260695] cloud-init[741]: ci-info: +++++++++++++++++++Route IPv6 info+++++++++++++++++++
[   15.262554] cloud-init[741]: ci-info: +-------+-------------+---------+-----------+-------+
[   15.264437] cloud-init[741]: ci-info: | Route | Destination | Gateway | Interface | Flags |
[[   15.309391] cloud-init[741]: ci-info: +-------+-------------+---------+-----------+-------+
[   15.309742] cloud-init[741]: ci-info: |   1   |  fe80::/64  |    ::   |   enp0s8  |   U   |
[   15.310148] cloud-init[741]: ci-info: |   2   |  fe80::/64  |    ::   |   enp0s3  |   U   |
[   15.310542] cloud-init[741]: ci-info: |   4   |    local    |    ::   |   enp0s3  |   U   |
[   15.310931] cloud-init[741]: ci-info: |   5   |    local    |    ::   |   enp0s8  |   U   |
[   15.311320] cloud-init[741]: ci-info: |   6   |   ff00::/8  |    ::   |   enp0s8  |   U   |
[   15.311716] cloud-init[741]: ci-info: |   7   |   ff00::/8  |    ::   |   enp0s3  |   U   |
[   15.312515] cloud-init[741]: ci-info: +-------+-------------+---------+-----------+-------+
[0;32m  OK  [0m] Started Initial cloud-init job (metadata service crawler).
[[0;32m  OK  [0m] Reached target Network is Online.
         Starting Availability of block devices...
[[0;32m  OK  [0m] Reached target Remote File Systems (Pre).
[[0;32m  OK  [0m] Reached target Remote File Systems.
[[0;32m  OK  [0m] Reached target System Initialization.
         Starting LXD - unix socket.
[[0;32m  OK  [0m] Listening on Open-iSCSI iscsid Socket.
         Starting Socket activation for snappy daemon.
[[0;32m  OK  [0m] Started Discard unused blocks once a week.
[[0;32m  OK  [0m] Listening on D-Bus System Message Bus Socket.
[[0;32m  OK  [0m] Started ACPI Events Check.
[[0;32m  OK  [0m] Reached target Paths.
[[0;32m  OK  [0m] Started Daily Cleanup of Temporary Directories.
[[0;32m  OK  [0m] Listening on UUID daemon activation socket.
[[0;32m  OK  [0m] Started Message of the Day.
[[0;32m  OK  [0m] Listening on ACPID Listen Socket.
[[0;32m  OK  [0m] Started Daily apt download activities.
[[0;32m  OK  [0m] Started Daily apt upgrade and clean activities.
[[0;32m  OK  [0m] Reached target Timers.
[[0;32m  OK  [0m] Reached target Cloud-config availability.
[[0;32m  OK  [0m] Started Availability of block devices.
[[0;32m  OK  [0m] Listening on LXD - unix socket.
[[0;32m  OK  [0m] Listening on Socket activation for snappy daemon.
[[0;32m  OK  [0m] Reached target Sockets.
[[0;32m  OK  [0m] Reached target Basic System.
[[0;32m  OK  [0m] Started irqbalance daemon.
         Starting Accounts Service...
[[0;32m  OK  [0m] Started FUSE filesystem for LXC.
         Starting Snappy daemon...
         Starting Login Service...
         Starting Dispatcher daemon for systemd-networkd...
         Starting System Logging Service...
         Starting Message of the Day...
[[0;32m  OK  [0m] Started Deferred execution scheduler.
         Starting LXD - container startup/shutdown...
         Starting OpenBSD Secure Shell server...
[[0;32m  OK  [0m] Started Regular background program processing daemon.
         Starting LSB: automatic crash report generation...
         Starting LSB: Record successful boot for GRUB...
         Starting vboxadd.service...
         Starting Permit User Sessions...
[[0;32m  OK  [0m] Started D-Bus System Message Bus.
[[0;32m  OK  [0m] Started Login Service.
[[0;32m  OK  [0m] Started Unattended Upgrades Shutdown.
[[0;32m  OK  [0m] Started System Logging Service.
[[0;32m  OK  [0m] Started LXD - container startup/shutdown.
[[0;32m  OK  [0m] Started Permit User Sessions.
         Starting Terminate Plymouth Boot Screen...
         Starting Hold until boot process finishes up...
[[0;32m  OK  [0m] Started OpenBSD Secure Shell server.
[[0;32m  OK  [0m] Started Terminate Plymouth Boot Screen.
[[0;32m  OK  [0m] Started Hold until boot process finishes up.
[[0;32m  OK  [0m] Started Dispatcher daemon for systemd-networkd.
[[0;32m  OK  [0m] Started LSB: automatic crash report generation.
[[0;32m  OK  [0m] Started LSB: Record successful boot for GRUB.
         Starting Authorization Manager...
[[0;32m  OK  [0m] Started Serial Getty on ttyS0.
         Starting Set console scheme...
[[0;32m  OK  [0m] Started Authorization Manager.
[[0;32m  OK  [0m] Started Snappy daemon.
[[0;32m  OK  [0m] Started Set console scheme.
[[0;32m  OK  [0m] Started Accounts Service.
[[0;32m  OK  [0m] Created slice system-getty.slice.
[[0;32m  OK  [0m] Started Getty on tty1.
[[0;32m  OK  [0m] Reached target Login Prompts.
         Starting Wait until snapd is fully seeded...
[[0;32m  OK  [0m] Created slice User Slice of vagrant.
[[0;32m  OK  [0m] Started Wait until snapd is fully seeded.
[[0;32m  OK  [0m] Started Session 1 of user vagrant.
         Starting Apply the settings specified in cloud-config...
         Starting User Manager for UID 1000...
[[0;32m  OK  [0m] Started vboxadd.service.
         Starting vboxadd-service.service...
[[0;32m  OK  [0m] Started User Manager for UID 1000.
[[0;32m  OK  [0m] Started vboxadd-service.service.
[[0;32m  OK  [0m] Reached target Multi-User System.
[[0;32m  OK  [0m] Reached target Graphical Interface.
         Starting Update UTMP about System Runlevel Changes...
[[0;32m  OK  [0m] Started Update UTMP about System Runlevel Changes.
[   18.013392] cloud-init[1172]: Cloud-init v. 19.3-41-gc4735dd3-0ubuntu1~18.04.1 running 'modules:config' at Sat, 14 Mar 2020 23:26:38 +0000. Up 17.90 seconds.
[[0;32m  OK  [0m] Started Apply the settings specified in cloud-config.
[[0;32m  OK  [0m] Started Message of the Day.
         Starting Execute cloud user/final scripts...
[   18.546094] cloud-init[1333]: Cloud-init v. 19.3-41-gc4735dd3-0ubuntu1~18.04.1 running 'modules:final' at Sat, 14 Mar 2020 23:26:38 +0000. Up 18.45 seconds.
[   18.586295] cloud-init[1333]: Cloud-init v. 19.3-41-gc4735dd3-0ubuntu1~18.04.1 finished at Sat, 14 Mar 2020 23:26:38 +0000. Datasource DataSourceNoCloud [seed=/dev/sdb][dsmode=net].  Up 18.53 seconds
[[0;32m  OK  [0m] Started Execute cloud user/final scripts.
[[0;32m  OK  [0m] Reached target Cloud-init target.

Ubuntu 18.04.3 LTS ubuntu-bionic ttyS0

ubuntu-bionic login: 